#
# There is insufficient memory for the Java Runtime Environment to continue.
# Native memory allocation (malloc) failed to allocate 915856 bytes for Chunk::new
# Possible reasons:
#   The system is out of physical RAM or swap space
#   The process is running with CompressedOops enabled, and the Java Heap may be blocking the growth of the native heap
# Possible solutions:
#   Reduce memory load on the system
#   Increase physical memory or swap space
#   Check if swap backing store is full
#   Decrease Java heap size (-Xmx/-Xms)
#   Decrease number of Java threads
#   Decrease Java thread stack sizes (-Xss)
#   Set larger code cache with -XX:ReservedCodeCacheSize=
#   JVM is running with Unscaled Compressed Oops mode in which the Java heap is
#     placed in the first 4GB address space. The Java Heap base address is the
#     maximum limit for the native heap growth. Please use -XX:HeapBaseMinAddress
#     to set the Java Heap base and to place the Java Heap above 4GB virtual address.
# This output file may be truncated or incomplete.
#
#  Out of Memory Error (arena.cpp:189), pid=36052, tid=49584
#
# JRE version: Java(TM) SE Runtime Environment (17.0.12+8) (build 17.0.12+8-LTS-286)
# Java VM: Java HotSpot(TM) 64-Bit Server VM (17.0.12+8-LTS-286, mixed mode, sharing, tiered, compressed oops, compressed class ptrs, g1 gc, windows-amd64)
# No core dump will be written. Minidumps are not enabled by default on client versions of Windows
#

---------------  S U M M A R Y ------------

Command Line: -Dfile.encoding=UTF-8 -Dstdout.encoding=UTF-8 -Dstderr.encoding=UTF-8 -XX:+ShowCodeDetailsInExceptionMessages com.training.assignment2.Assignment2Application

Host: Intel(R) Core(TM) i5-8250U CPU @ 1.60GHz, 8 cores, 7G,  Windows 11 , 64 bit Build 22621 (10.0.22621.4974)
Time: Sun Apr 13 11:17:21 2025 Arabian Standard Time elapsed time: 4.380518 seconds (0d 0h 0m 4s)

---------------  T H R E A D  ---------------

Current thread (0x000001256c4b8db0):  JavaThread "C2 CompilerThread0" daemon [_thread_in_native, id=49584, stack(0x0000001ec7f00000,0x0000001ec8000000)]


Current CompileTask:
C2:   4380 1553       4       org.springframework.boot.context.properties.source.ConfigurationPropertyName$ElementsParser::parse (234 bytes)

Stack: [0x0000001ec7f00000,0x0000001ec8000000]
Native frames: (J=compiled Java code, j=interpreted, Vv=VM code, C=native code)
V  [jvm.dll+0x67a04a]
V  [jvm.dll+0x7da4ed]
V  [jvm.dll+0x7dbe33]
V  [jvm.dll+0x7dc4a3]
V  [jvm.dll+0x24508f]
V  [jvm.dll+0xab773]
V  [jvm.dll+0xabd3c]
V  [jvm.dll+0x361b9f]
V  [jvm.dll+0x32c431]
V  [jvm.dll+0x32b8ca]
V  [jvm.dll+0x21683f]
V  [jvm.dll+0x215c6f]
V  [jvm.dll+0x1a2960]
V  [jvm.dll+0x22610b]
V  [jvm.dll+0x2242ab]
V  [jvm.dll+0x79075c]
V  [jvm.dll+0x78abea]
V  [jvm.dll+0x678f35]
C  [ucrtbase.dll+0x29333]
C  [KERNEL32.DLL+0x1259d]
C  [ntdll.dll+0x5af38]


---------------  P R O C E S S  ---------------

Threads class SMR info:
_java_thread_list=0x000001257247b090, length=12, elements={
0x000001254e429ef0, 0x000001256c49d8a0, 0x000001256c49e720, 0x000001256c4b3190,
0x000001256c4b3d50, 0x000001256c4b6720, 0x000001256c4bda30, 0x000001256c4b8db0,
0x000001256c4b9860, 0x000001256c4d0700, 0x000001256c6f2a60, 0x000001256c6fabc0
}

Java Threads: ( => current thread )
  0x000001254e429ef0 JavaThread "main" [_thread_in_Java, id=48548, stack(0x0000001ec7200000,0x0000001ec7300000)]
  0x000001256c49d8a0 JavaThread "Reference Handler" daemon [_thread_blocked, id=31508, stack(0x0000001ec7900000,0x0000001ec7a00000)]
  0x000001256c49e720 JavaThread "Finalizer" daemon [_thread_blocked, id=23924, stack(0x0000001ec7a00000,0x0000001ec7b00000)]
  0x000001256c4b3190 JavaThread "Signal Dispatcher" daemon [_thread_blocked, id=11944, stack(0x0000001ec7b00000,0x0000001ec7c00000)]
  0x000001256c4b3d50 JavaThread "Attach Listener" daemon [_thread_blocked, id=41372, stack(0x0000001ec7c00000,0x0000001ec7d00000)]
  0x000001256c4b6720 JavaThread "Service Thread" daemon [_thread_blocked, id=23508, stack(0x0000001ec7d00000,0x0000001ec7e00000)]
  0x000001256c4bda30 JavaThread "Monitor Deflation Thread" daemon [_thread_blocked, id=29784, stack(0x0000001ec7e00000,0x0000001ec7f00000)]
=>0x000001256c4b8db0 JavaThread "C2 CompilerThread0" daemon [_thread_in_native, id=49584, stack(0x0000001ec7f00000,0x0000001ec8000000)]
  0x000001256c4b9860 JavaThread "C1 CompilerThread0" daemon [_thread_blocked, id=43036, stack(0x0000001ec8000000,0x0000001ec8100000)]
  0x000001256c4d0700 JavaThread "Sweeper thread" daemon [_thread_blocked, id=48704, stack(0x0000001ec8100000,0x0000001ec8200000)]
  0x000001256c6f2a60 JavaThread "Notification Thread" daemon [_thread_blocked, id=48308, stack(0x0000001ec8200000,0x0000001ec8300000)]
  0x000001256c6fabc0 JavaThread "Common-Cleaner" daemon [_thread_blocked, id=33752, stack(0x0000001ec8400000,0x0000001ec8500000)]

Other Threads:
  0x000001256c4998a0 VMThread "VM Thread" [stack: 0x0000001ec7800000,0x0000001ec7900000] [id=40572]
  0x000001256c6f2f40 WatcherThread [stack: 0x0000001ec8300000,0x0000001ec8400000] [id=37060]
  0x000001254e486580 GCTaskThread "GC Thread#0" [stack: 0x0000001ec7300000,0x0000001ec7400000] [id=9852]
  0x0000012571bbbeb0 GCTaskThread "GC Thread#1" [stack: 0x0000001ec8500000,0x0000001ec8600000] [id=8756]
  0x0000012571bbc170 GCTaskThread "GC Thread#2" [stack: 0x0000001ec8600000,0x0000001ec8700000] [id=46868]
  0x0000012571e83eb0 GCTaskThread "GC Thread#3" [stack: 0x0000001ec8700000,0x0000001ec8800000] [id=30604]
  0x00000125719bc8b0 GCTaskThread "GC Thread#4" [stack: 0x0000001ec8800000,0x0000001ec8900000] [id=46232]
  0x000001257189f8f0 GCTaskThread "GC Thread#5" [stack: 0x0000001ec8900000,0x0000001ec8a00000] [id=5948]
  0x0000012571f53db0 GCTaskThread "GC Thread#6" [stack: 0x0000001ec8b00000,0x0000001ec8c00000] [id=34116]
  0x0000012571f4cf50 GCTaskThread "GC Thread#7" [stack: 0x0000001ec8c00000,0x0000001ec8d00000] [id=44344]
  0x000001254e497770 ConcurrentGCThread "G1 Main Marker" [stack: 0x0000001ec7400000,0x0000001ec7500000] [id=28416]
  0x000001254e498180 ConcurrentGCThread "G1 Conc#0" [stack: 0x0000001ec7500000,0x0000001ec7600000] [id=40608]
  0x000001254e4edb00 ConcurrentGCThread "G1 Refine#0" [stack: 0x0000001ec7600000,0x0000001ec7700000] [id=12004]
  0x000001254e4ee530 ConcurrentGCThread "G1 Service" [stack: 0x0000001ec7700000,0x0000001ec7800000] [id=11032]

Threads with active compile tasks:
C2 CompilerThread0     4452 1553       4       org.springframework.boot.context.properties.source.ConfigurationPropertyName$ElementsParser::parse (234 bytes)

VM state: not at safepoint (normal execution)

VM Mutex/Monitor currently owned by a thread: None

Heap address: 0x0000000082800000, size: 2008 MB, Compressed Oops mode: 32-bit

CDS archive(s) mapped at: [0x0000012500000000-0x0000012500bd0000-0x0000012500bd0000), size 12386304, SharedBaseAddress: 0x0000012500000000, ArchiveRelocationMode: 1.
Compressed class space mapped at: 0x0000012501000000-0x0000012541000000, reserved size: 1073741824
Narrow klass base: 0x0000012500000000, Narrow klass shift: 0, Narrow klass range: 0x100000000

GC Precious Log:
 CPUs: 8 total, 8 available
 Memory: 8026M
 Large Page Support: Disabled
 NUMA Support: Disabled
 Compressed Oops: Enabled (32-bit)
 Heap Region Size: 1M
 Heap Min Capacity: 8M
 Heap Initial Capacity: 126M
 Heap Max Capacity: 2008M
 Pre-touch: Disabled
 Parallel Workers: 8
 Concurrent Workers: 2
 Concurrent Refinement Workers: 8
 Periodic GC: Disabled

Heap:
 garbage-first heap   total 129024K, used 39501K [0x0000000082800000, 0x0000000100000000)
  region size 1024K, 33 young (33792K), 3 survivors (3072K)
 Metaspace       used 18450K, committed 18688K, reserved 1114112K
  class space    used 2287K, committed 2432K, reserved 1048576K

Heap Regions: E=young(eden), S=young(survivor), O=old, HS=humongous(starts), HC=humongous(continues), CS=collection set, F=free, OA=open archive, CA=closed archive, TAMS=top-at-mark-start (previous, next)
|   0|0x0000000082800000, 0x0000000082900000, 0x0000000082900000|100%|HS|  |TAMS 0x0000000082800000, 0x0000000082800000| Complete 
|   1|0x0000000082900000, 0x0000000082a00000, 0x0000000082a00000|100%|HS|  |TAMS 0x0000000082900000, 0x0000000082900000| Complete 
|   2|0x0000000082a00000, 0x0000000082b00000, 0x0000000082b00000|100%| O|  |TAMS 0x0000000082a00000, 0x0000000082a00000| Untracked 
|   3|0x0000000082b00000, 0x0000000082c00000, 0x0000000082c00000|100%| O|  |TAMS 0x0000000082b00000, 0x0000000082b00000| Untracked 
|   4|0x0000000082c00000, 0x0000000082d00000, 0x0000000082d00000|100%| O|  |TAMS 0x0000000082c00000, 0x0000000082c00000| Untracked 
|   5|0x0000000082d00000, 0x0000000082e00000, 0x0000000082e00000|100%| O|  |TAMS 0x0000000082d00000, 0x0000000082d00000| Untracked 
|   6|0x0000000082e00000, 0x0000000082f00000, 0x0000000082f00000|100%| O|  |TAMS 0x0000000082e00000, 0x0000000082e00000| Untracked 
|   7|0x0000000082f00000, 0x0000000082f34e00, 0x0000000083000000| 20%| O|  |TAMS 0x0000000082f00000, 0x0000000082f00000| Untracked 
|   8|0x0000000083000000, 0x0000000083000000, 0x0000000083100000|  0%| F|  |TAMS 0x0000000083000000, 0x0000000083000000| Untracked 
|   9|0x0000000083100000, 0x0000000083100000, 0x0000000083200000|  0%| F|  |TAMS 0x0000000083100000, 0x0000000083100000| Untracked 
|  10|0x0000000083200000, 0x0000000083200000, 0x0000000083300000|  0%| F|  |TAMS 0x0000000083200000, 0x0000000083200000| Untracked 
|  11|0x0000000083300000, 0x0000000083300000, 0x0000000083400000|  0%| F|  |TAMS 0x0000000083300000, 0x0000000083300000| Untracked 
|  12|0x0000000083400000, 0x0000000083400000, 0x0000000083500000|  0%| F|  |TAMS 0x0000000083400000, 0x0000000083400000| Untracked 
|  13|0x0000000083500000, 0x0000000083500000, 0x0000000083600000|  0%| F|  |TAMS 0x0000000083500000, 0x0000000083500000| Untracked 
|  14|0x0000000083600000, 0x0000000083600000, 0x0000000083700000|  0%| F|  |TAMS 0x0000000083600000, 0x0000000083600000| Untracked 
|  15|0x0000000083700000, 0x0000000083700000, 0x0000000083800000|  0%| F|  |TAMS 0x0000000083700000, 0x0000000083700000| Untracked 
|  16|0x0000000083800000, 0x0000000083800000, 0x0000000083900000|  0%| F|  |TAMS 0x0000000083800000, 0x0000000083800000| Untracked 
|  17|0x0000000083900000, 0x0000000083900000, 0x0000000083a00000|  0%| F|  |TAMS 0x0000000083900000, 0x0000000083900000| Untracked 
|  18|0x0000000083a00000, 0x0000000083a00000, 0x0000000083b00000|  0%| F|  |TAMS 0x0000000083a00000, 0x0000000083a00000| Untracked 
|  19|0x0000000083b00000, 0x0000000083b00000, 0x0000000083c00000|  0%| F|  |TAMS 0x0000000083b00000, 0x0000000083b00000| Untracked 
|  20|0x0000000083c00000, 0x0000000083c00000, 0x0000000083d00000|  0%| F|  |TAMS 0x0000000083c00000, 0x0000000083c00000| Untracked 
|  21|0x0000000083d00000, 0x0000000083d00000, 0x0000000083e00000|  0%| F|  |TAMS 0x0000000083d00000, 0x0000000083d00000| Untracked 
|  22|0x0000000083e00000, 0x0000000083e00000, 0x0000000083f00000|  0%| F|  |TAMS 0x0000000083e00000, 0x0000000083e00000| Untracked 
|  23|0x0000000083f00000, 0x0000000083f00000, 0x0000000084000000|  0%| F|  |TAMS 0x0000000083f00000, 0x0000000083f00000| Untracked 
|  24|0x0000000084000000, 0x0000000084000000, 0x0000000084100000|  0%| F|  |TAMS 0x0000000084000000, 0x0000000084000000| Untracked 
|  25|0x0000000084100000, 0x0000000084100000, 0x0000000084200000|  0%| F|  |TAMS 0x0000000084100000, 0x0000000084100000| Untracked 
|  26|0x0000000084200000, 0x0000000084200000, 0x0000000084300000|  0%| F|  |TAMS 0x0000000084200000, 0x0000000084200000| Untracked 
|  27|0x0000000084300000, 0x0000000084300000, 0x0000000084400000|  0%| F|  |TAMS 0x0000000084300000, 0x0000000084300000| Untracked 
|  28|0x0000000084400000, 0x0000000084400000, 0x0000000084500000|  0%| F|  |TAMS 0x0000000084400000, 0x0000000084400000| Untracked 
|  29|0x0000000084500000, 0x0000000084500000, 0x0000000084600000|  0%| F|  |TAMS 0x0000000084500000, 0x0000000084500000| Untracked 
|  30|0x0000000084600000, 0x0000000084600000, 0x0000000084700000|  0%| F|  |TAMS 0x0000000084600000, 0x0000000084600000| Untracked 
|  31|0x0000000084700000, 0x0000000084700000, 0x0000000084800000|  0%| F|  |TAMS 0x0000000084700000, 0x0000000084700000| Untracked 
|  32|0x0000000084800000, 0x0000000084800000, 0x0000000084900000|  0%| F|  |TAMS 0x0000000084800000, 0x0000000084800000| Untracked 
|  33|0x0000000084900000, 0x0000000084900000, 0x0000000084a00000|  0%| F|  |TAMS 0x0000000084900000, 0x0000000084900000| Untracked 
|  34|0x0000000084a00000, 0x0000000084a00000, 0x0000000084b00000|  0%| F|  |TAMS 0x0000000084a00000, 0x0000000084a00000| Untracked 
|  35|0x0000000084b00000, 0x0000000084b00000, 0x0000000084c00000|  0%| F|  |TAMS 0x0000000084b00000, 0x0000000084b00000| Untracked 
|  36|0x0000000084c00000, 0x0000000084c00000, 0x0000000084d00000|  0%| F|  |TAMS 0x0000000084c00000, 0x0000000084c00000| Untracked 
|  37|0x0000000084d00000, 0x0000000084d00000, 0x0000000084e00000|  0%| F|  |TAMS 0x0000000084d00000, 0x0000000084d00000| Untracked 
|  38|0x0000000084e00000, 0x0000000084e00000, 0x0000000084f00000|  0%| F|  |TAMS 0x0000000084e00000, 0x0000000084e00000| Untracked 
|  39|0x0000000084f00000, 0x0000000084f00000, 0x0000000085000000|  0%| F|  |TAMS 0x0000000084f00000, 0x0000000084f00000| Untracked 
|  40|0x0000000085000000, 0x0000000085000000, 0x0000000085100000|  0%| F|  |TAMS 0x0000000085000000, 0x0000000085000000| Untracked 
|  41|0x0000000085100000, 0x0000000085100000, 0x0000000085200000|  0%| F|  |TAMS 0x0000000085100000, 0x0000000085100000| Untracked 
|  42|0x0000000085200000, 0x0000000085200000, 0x0000000085300000|  0%| F|  |TAMS 0x0000000085200000, 0x0000000085200000| Untracked 
|  43|0x0000000085300000, 0x0000000085300000, 0x0000000085400000|  0%| F|  |TAMS 0x0000000085300000, 0x0000000085300000| Untracked 
|  44|0x0000000085400000, 0x0000000085400000, 0x0000000085500000|  0%| F|  |TAMS 0x0000000085400000, 0x0000000085400000| Untracked 
|  45|0x0000000085500000, 0x0000000085500000, 0x0000000085600000|  0%| F|  |TAMS 0x0000000085500000, 0x0000000085500000| Untracked 
|  46|0x0000000085600000, 0x0000000085600000, 0x0000000085700000|  0%| F|  |TAMS 0x0000000085600000, 0x0000000085600000| Untracked 
|  47|0x0000000085700000, 0x0000000085700000, 0x0000000085800000|  0%| F|  |TAMS 0x0000000085700000, 0x0000000085700000| Untracked 
|  48|0x0000000085800000, 0x0000000085800000, 0x0000000085900000|  0%| F|  |TAMS 0x0000000085800000, 0x0000000085800000| Untracked 
|  49|0x0000000085900000, 0x0000000085900000, 0x0000000085a00000|  0%| F|  |TAMS 0x0000000085900000, 0x0000000085900000| Untracked 
|  50|0x0000000085a00000, 0x0000000085a00000, 0x0000000085b00000|  0%| F|  |TAMS 0x0000000085a00000, 0x0000000085a00000| Untracked 
|  51|0x0000000085b00000, 0x0000000085b00000, 0x0000000085c00000|  0%| F|  |TAMS 0x0000000085b00000, 0x0000000085b00000| Untracked 
|  52|0x0000000085c00000, 0x0000000085c00000, 0x0000000085d00000|  0%| F|  |TAMS 0x0000000085c00000, 0x0000000085c00000| Untracked 
|  53|0x0000000085d00000, 0x0000000085d00000, 0x0000000085e00000|  0%| F|  |TAMS 0x0000000085d00000, 0x0000000085d00000| Untracked 
|  54|0x0000000085e00000, 0x0000000085e00000, 0x0000000085f00000|  0%| F|  |TAMS 0x0000000085e00000, 0x0000000085e00000| Untracked 
|  55|0x0000000085f00000, 0x0000000085f00000, 0x0000000086000000|  0%| F|  |TAMS 0x0000000085f00000, 0x0000000085f00000| Untracked 
|  56|0x0000000086000000, 0x0000000086000000, 0x0000000086100000|  0%| F|  |TAMS 0x0000000086000000, 0x0000000086000000| Untracked 
|  57|0x0000000086100000, 0x0000000086100000, 0x0000000086200000|  0%| F|  |TAMS 0x0000000086100000, 0x0000000086100000| Untracked 
|  58|0x0000000086200000, 0x0000000086200000, 0x0000000086300000|  0%| F|  |TAMS 0x0000000086200000, 0x0000000086200000| Untracked 
|  59|0x0000000086300000, 0x0000000086300000, 0x0000000086400000|  0%| F|  |TAMS 0x0000000086300000, 0x0000000086300000| Untracked 
|  60|0x0000000086400000, 0x0000000086400000, 0x0000000086500000|  0%| F|  |TAMS 0x0000000086400000, 0x0000000086400000| Untracked 
|  61|0x0000000086500000, 0x0000000086500000, 0x0000000086600000|  0%| F|  |TAMS 0x0000000086500000, 0x0000000086500000| Untracked 
|  62|0x0000000086600000, 0x0000000086600000, 0x0000000086700000|  0%| F|  |TAMS 0x0000000086600000, 0x0000000086600000| Untracked 
|  63|0x0000000086700000, 0x0000000086700000, 0x0000000086800000|  0%| F|  |TAMS 0x0000000086700000, 0x0000000086700000| Untracked 
|  64|0x0000000086800000, 0x0000000086800000, 0x0000000086900000|  0%| F|  |TAMS 0x0000000086800000, 0x0000000086800000| Untracked 
|  65|0x0000000086900000, 0x0000000086900000, 0x0000000086a00000|  0%| F|  |TAMS 0x0000000086900000, 0x0000000086900000| Untracked 
|  66|0x0000000086a00000, 0x0000000086a00000, 0x0000000086b00000|  0%| F|  |TAMS 0x0000000086a00000, 0x0000000086a00000| Untracked 
|  67|0x0000000086b00000, 0x0000000086b00000, 0x0000000086c00000|  0%| F|  |TAMS 0x0000000086b00000, 0x0000000086b00000| Untracked 
|  68|0x0000000086c00000, 0x0000000086c00000, 0x0000000086d00000|  0%| F|  |TAMS 0x0000000086c00000, 0x0000000086c00000| Untracked 
|  69|0x0000000086d00000, 0x0000000086d00000, 0x0000000086e00000|  0%| F|  |TAMS 0x0000000086d00000, 0x0000000086d00000| Untracked 
|  70|0x0000000086e00000, 0x0000000086e00000, 0x0000000086f00000|  0%| F|  |TAMS 0x0000000086e00000, 0x0000000086e00000| Untracked 
|  71|0x0000000086f00000, 0x0000000086f00000, 0x0000000087000000|  0%| F|  |TAMS 0x0000000086f00000, 0x0000000086f00000| Untracked 
|  72|0x0000000087000000, 0x0000000087000000, 0x0000000087100000|  0%| F|  |TAMS 0x0000000087000000, 0x0000000087000000| Untracked 
|  73|0x0000000087100000, 0x0000000087100000, 0x0000000087200000|  0%| F|  |TAMS 0x0000000087100000, 0x0000000087100000| Untracked 
|  74|0x0000000087200000, 0x0000000087200000, 0x0000000087300000|  0%| F|  |TAMS 0x0000000087200000, 0x0000000087200000| Untracked 
|  75|0x0000000087300000, 0x0000000087300000, 0x0000000087400000|  0%| F|  |TAMS 0x0000000087300000, 0x0000000087300000| Untracked 
|  76|0x0000000087400000, 0x0000000087400000, 0x0000000087500000|  0%| F|  |TAMS 0x0000000087400000, 0x0000000087400000| Untracked 
|  77|0x0000000087500000, 0x0000000087500000, 0x0000000087600000|  0%| F|  |TAMS 0x0000000087500000, 0x0000000087500000| Untracked 
|  78|0x0000000087600000, 0x0000000087600000, 0x0000000087700000|  0%| F|  |TAMS 0x0000000087600000, 0x0000000087600000| Untracked 
|  79|0x0000000087700000, 0x0000000087700000, 0x0000000087800000|  0%| F|  |TAMS 0x0000000087700000, 0x0000000087700000| Untracked 
|  80|0x0000000087800000, 0x0000000087800000, 0x0000000087900000|  0%| F|  |TAMS 0x0000000087800000, 0x0000000087800000| Untracked 
|  81|0x0000000087900000, 0x0000000087900000, 0x0000000087a00000|  0%| F|  |TAMS 0x0000000087900000, 0x0000000087900000| Untracked 
|  82|0x0000000087a00000, 0x0000000087a00000, 0x0000000087b00000|  0%| F|  |TAMS 0x0000000087a00000, 0x0000000087a00000| Untracked 
|  83|0x0000000087b00000, 0x0000000087b00000, 0x0000000087c00000|  0%| F|  |TAMS 0x0000000087b00000, 0x0000000087b00000| Untracked 
|  84|0x0000000087c00000, 0x0000000087c00000, 0x0000000087d00000|  0%| F|  |TAMS 0x0000000087c00000, 0x0000000087c00000| Untracked 
|  85|0x0000000087d00000, 0x0000000087d00000, 0x0000000087e00000|  0%| F|  |TAMS 0x0000000087d00000, 0x0000000087d00000| Untracked 
|  86|0x0000000087e00000, 0x0000000087e00000, 0x0000000087f00000|  0%| F|  |TAMS 0x0000000087e00000, 0x0000000087e00000| Untracked 
|  87|0x0000000087f00000, 0x0000000087f00000, 0x0000000088000000|  0%| F|  |TAMS 0x0000000087f00000, 0x0000000087f00000| Untracked 
|  88|0x0000000088000000, 0x0000000088000000, 0x0000000088100000|  0%| F|  |TAMS 0x0000000088000000, 0x0000000088000000| Untracked 
|  89|0x0000000088100000, 0x0000000088100000, 0x0000000088200000|  0%| F|  |TAMS 0x0000000088100000, 0x0000000088100000| Untracked 
|  90|0x0000000088200000, 0x0000000088200000, 0x0000000088300000|  0%| F|  |TAMS 0x0000000088200000, 0x0000000088200000| Untracked 
|  91|0x0000000088300000, 0x0000000088300000, 0x0000000088400000|  0%| F|  |TAMS 0x0000000088300000, 0x0000000088300000| Untracked 
|  92|0x0000000088400000, 0x000000008845e808, 0x0000000088500000| 36%| S|CS|TAMS 0x0000000088400000, 0x0000000088400000| Complete 
|  93|0x0000000088500000, 0x0000000088600000, 0x0000000088600000|100%| S|CS|TAMS 0x0000000088500000, 0x0000000088500000| Complete 
|  94|0x0000000088600000, 0x0000000088700000, 0x0000000088700000|100%| S|CS|TAMS 0x0000000088600000, 0x0000000088600000| Complete 
|  95|0x0000000088700000, 0x0000000088700000, 0x0000000088800000|  0%| F|  |TAMS 0x0000000088700000, 0x0000000088700000| Untracked 
|  96|0x0000000088800000, 0x0000000088880728, 0x0000000088900000| 50%| E|  |TAMS 0x0000000088800000, 0x0000000088800000| Complete 
|  97|0x0000000088900000, 0x0000000088a00000, 0x0000000088a00000|100%| E|CS|TAMS 0x0000000088900000, 0x0000000088900000| Complete 
|  98|0x0000000088a00000, 0x0000000088b00000, 0x0000000088b00000|100%| E|CS|TAMS 0x0000000088a00000, 0x0000000088a00000| Complete 
|  99|0x0000000088b00000, 0x0000000088c00000, 0x0000000088c00000|100%| E|CS|TAMS 0x0000000088b00000, 0x0000000088b00000| Complete 
| 100|0x0000000088c00000, 0x0000000088d00000, 0x0000000088d00000|100%| E|CS|TAMS 0x0000000088c00000, 0x0000000088c00000| Complete 
| 101|0x0000000088d00000, 0x0000000088e00000, 0x0000000088e00000|100%| E|CS|TAMS 0x0000000088d00000, 0x0000000088d00000| Complete 
| 102|0x0000000088e00000, 0x0000000088f00000, 0x0000000088f00000|100%| E|CS|TAMS 0x0000000088e00000, 0x0000000088e00000| Complete 
| 103|0x0000000088f00000, 0x0000000089000000, 0x0000000089000000|100%| E|CS|TAMS 0x0000000088f00000, 0x0000000088f00000| Complete 
| 104|0x0000000089000000, 0x0000000089100000, 0x0000000089100000|100%| E|CS|TAMS 0x0000000089000000, 0x0000000089000000| Complete 
| 105|0x0000000089100000, 0x0000000089200000, 0x0000000089200000|100%| E|CS|TAMS 0x0000000089100000, 0x0000000089100000| Complete 
| 106|0x0000000089200000, 0x0000000089300000, 0x0000000089300000|100%| E|CS|TAMS 0x0000000089200000, 0x0000000089200000| Complete 
| 107|0x0000000089300000, 0x0000000089400000, 0x0000000089400000|100%| E|CS|TAMS 0x0000000089300000, 0x0000000089300000| Complete 
| 108|0x0000000089400000, 0x0000000089500000, 0x0000000089500000|100%| E|CS|TAMS 0x0000000089400000, 0x0000000089400000| Complete 
| 109|0x0000000089500000, 0x0000000089600000, 0x0000000089600000|100%| E|CS|TAMS 0x0000000089500000, 0x0000000089500000| Complete 
| 110|0x0000000089600000, 0x0000000089700000, 0x0000000089700000|100%| E|CS|TAMS 0x0000000089600000, 0x0000000089600000| Complete 
| 111|0x0000000089700000, 0x0000000089800000, 0x0000000089800000|100%| E|CS|TAMS 0x0000000089700000, 0x0000000089700000| Complete 
| 112|0x0000000089800000, 0x0000000089900000, 0x0000000089900000|100%| E|CS|TAMS 0x0000000089800000, 0x0000000089800000| Complete 
| 113|0x0000000089900000, 0x0000000089a00000, 0x0000000089a00000|100%| E|CS|TAMS 0x0000000089900000, 0x0000000089900000| Complete 
| 114|0x0000000089a00000, 0x0000000089b00000, 0x0000000089b00000|100%| E|CS|TAMS 0x0000000089a00000, 0x0000000089a00000| Complete 
| 115|0x0000000089b00000, 0x0000000089c00000, 0x0000000089c00000|100%| E|CS|TAMS 0x0000000089b00000, 0x0000000089b00000| Complete 
| 116|0x0000000089c00000, 0x0000000089d00000, 0x0000000089d00000|100%| E|CS|TAMS 0x0000000089c00000, 0x0000000089c00000| Complete 
| 117|0x0000000089d00000, 0x0000000089e00000, 0x0000000089e00000|100%| E|CS|TAMS 0x0000000089d00000, 0x0000000089d00000| Complete 
| 118|0x0000000089e00000, 0x0000000089f00000, 0x0000000089f00000|100%| E|CS|TAMS 0x0000000089e00000, 0x0000000089e00000| Complete 
| 119|0x0000000089f00000, 0x000000008a000000, 0x000000008a000000|100%| E|CS|TAMS 0x0000000089f00000, 0x0000000089f00000| Complete 
| 120|0x000000008a000000, 0x000000008a100000, 0x000000008a100000|100%| E|CS|TAMS 0x000000008a000000, 0x000000008a000000| Complete 
| 121|0x000000008a100000, 0x000000008a200000, 0x000000008a200000|100%| E|CS|TAMS 0x000000008a100000, 0x000000008a100000| Complete 
| 122|0x000000008a200000, 0x000000008a300000, 0x000000008a300000|100%| E|CS|TAMS 0x000000008a200000, 0x000000008a200000| Complete 
| 123|0x000000008a300000, 0x000000008a400000, 0x000000008a400000|100%| E|CS|TAMS 0x000000008a300000, 0x000000008a300000| Complete 
| 124|0x000000008a400000, 0x000000008a500000, 0x000000008a500000|100%| E|CS|TAMS 0x000000008a400000, 0x000000008a400000| Complete 
| 125|0x000000008a500000, 0x000000008a600000, 0x000000008a600000|100%| E|CS|TAMS 0x000000008a500000, 0x000000008a500000| Complete 

Card table byte_map: [0x0000012565400000,0x00000125657f0000] _byte_map_base: 0x0000012564fec000

Marking Bits (Prev, Next): (CMBitMap*) 0x000001254e486ba0, (CMBitMap*) 0x000001254e486be0
 Prev Bits: [0x0000012565be0000, 0x0000012567b40000)
 Next Bits: [0x0000012567b40000, 0x0000012569aa0000)

Polling page: 0x000001254c3b0000

Metaspace:

Usage:
  Non-class:     15.79 MB used.
      Class:      2.23 MB used.
       Both:     18.02 MB used.

Virtual space:
  Non-class space:       64.00 MB reserved,      15.94 MB ( 25%) committed,  1 nodes.
      Class space:        1.00 GB reserved,       2.38 MB ( <1%) committed,  1 nodes.
             Both:        1.06 GB reserved,      18.31 MB (  2%) committed. 

Chunk freelists:
   Non-Class:  15.38 MB
       Class:  13.61 MB
        Both:  28.98 MB

MaxMetaspaceSize: unlimited
CompressedClassSpaceSize: 1.00 GB
Initial GC threshold: 21.00 MB
Current GC threshold: 21.00 MB
CDS: on
MetaspaceReclaimPolicy: balanced
 - commit_granule_bytes: 65536.
 - commit_granule_words: 8192.
 - virtual_space_node_default_size: 8388608.
 - enlarge_chunks_in_place: 1.
 - new_chunks_are_fully_committed: 0.
 - uncommit_free_chunks: 1.
 - use_allocation_guard: 0.
 - handle_deallocations: 1.


Internal statistics:

num_allocs_failed_limit: 0.
num_arena_births: 284.
num_arena_deaths: 0.
num_vsnodes_births: 2.
num_vsnodes_deaths: 0.
num_space_committed: 293.
num_space_uncommitted: 0.
num_chunks_returned_to_freelist: 0.
num_chunks_taken_from_freelist: 931.
num_chunk_merges: 0.
num_chunk_splits: 622.
num_chunks_enlarged: 478.
num_inconsistent_stats: 0.

CodeHeap 'non-profiled nmethods': size=120000Kb used=810Kb max_used=810Kb free=119189Kb
 bounds [0x000001255d7b0000, 0x000001255da20000, 0x0000012564ce0000]
CodeHeap 'profiled nmethods': size=120000Kb used=4903Kb max_used=4903Kb free=115096Kb
 bounds [0x0000012555ce0000, 0x00000125561b0000, 0x000001255d210000]
CodeHeap 'non-nmethods': size=5760Kb used=1206Kb max_used=1252Kb free=4553Kb
 bounds [0x000001255d210000, 0x000001255d480000, 0x000001255d7b0000]
 total_blobs=3095 nmethods=2590 adapters=417
 compilation: enabled
              stopped_count=0, restarted_count=0
 full_count=0

Compilation events (20 events):
Event: 4.343 Thread 0x000001256c4b9860 2537       2       org.springframework.asm.ClassReader::accept (1401 bytes)
Event: 4.358 Thread 0x000001256c4b9860 nmethod 2537 0x000001255617e610 code [0x000001255617eea0, 0x0000012556183048]
Event: 4.358 Thread 0x000001256c4b9860 2539       2       java.lang.Class::arrayContentsEq (70 bytes)
Event: 4.359 Thread 0x000001256c4b9860 nmethod 2539 0x0000012556185f90 code [0x0000012556186140, 0x00000125561863f8]
Event: 4.359 Thread 0x000001256c4b9860 2541       2       org.springframework.boot.autoconfigure.condition.FilteringSpringBootCondition$ClassNameFilter$2::matches (14 bytes)
Event: 4.359 Thread 0x000001256c4b9860 nmethod 2541 0x0000012556186590 code [0x0000012556186740, 0x0000012556186908]
Event: 4.359 Thread 0x000001256c4b9860 2540       2       sun.reflect.annotation.AnnotationParser$1::run (40 bytes)
Event: 4.361 Thread 0x000001256c4b9860 nmethod 2540 0x0000012556186a90 code [0x0000012556186c80, 0x0000012556187218]
Event: 4.361 Thread 0x000001256c4b9860 2538       1       org.springframework.core.annotation.AnnotationTypeMapping::getAnnotation (5 bytes)
Event: 4.361 Thread 0x000001256c4b9860 nmethod 2538 0x000001255d87a790 code [0x000001255d87a920, 0x000001255d87a9f8]
Event: 4.369 Thread 0x000001256c4b9860 2542       2       org.springframework.core.type.classreading.SimpleAnnotationMetadataReadingVisitor$$Lambda$417/0x0000012501217a80::accept (14 bytes)
Event: 4.369 Thread 0x000001256c4b9860 nmethod 2542 0x0000012556187510 code [0x00000125561876c0, 0x0000012556187828]
Event: 4.370 Thread 0x000001256c4b9860 2543       2       org.springframework.core.type.classreading.SimpleMethodMetadataReadingVisitor$$Lambda$423/0x000001250121ba18::<init> (10 bytes)
Event: 4.370 Thread 0x000001256c4b9860 nmethod 2543 0x0000012556187910 code [0x0000012556187aa0, 0x0000012556187bf8]
Event: 4.371 Thread 0x000001256c4b9860 2545       2       org.springframework.boot.autoconfigure.condition.FilteringSpringBootCondition::match (119 bytes)
Event: 4.372 Thread 0x000001256c4b9860 nmethod 2545 0x0000012556187c90 code [0x0000012556187ea0, 0x0000012556188438]
Event: 4.373 Thread 0x000001256c4b9860 2546       2       org.springframework.boot.autoconfigure.condition.ConditionEvaluationReport::find (17 bytes)
Event: 4.373 Thread 0x000001256c4b9860 nmethod 2546 0x0000012556188710 code [0x00000125561888c0, 0x0000012556188aa8]
Event: 4.374 Thread 0x000001256c4b9860 2547   !   2       org.springframework.core.type.filter.AssignableTypeFilter::matchTargetType (72 bytes)
Event: 4.376 Thread 0x000001256c4b9860 nmethod 2547 0x0000012556188b90 code [0x0000012556188de0, 0x0000012556189328]

GC Heap History (4 events):
Event: 2.377 GC heap before
{Heap before GC invocations=0 (full 0):
 garbage-first heap   total 129024K, used 24576K [0x0000000082800000, 0x0000000100000000)
  region size 1024K, 23 young (23552K), 0 survivors (0K)
 Metaspace       used 6235K, committed 6464K, reserved 1114112K
  class space    used 771K, committed 896K, reserved 1048576K
}
Event: 2.390 GC heap after
{Heap after GC invocations=1 (full 0):
 garbage-first heap   total 129024K, used 7488K [0x0000000082800000, 0x0000000100000000)
  region size 1024K, 3 young (3072K), 3 survivors (3072K)
 Metaspace       used 6235K, committed 6464K, reserved 1114112K
  class space    used 771K, committed 896K, reserved 1048576K
}
Event: 3.385 GC heap before
{Heap before GC invocations=1 (full 0):
 garbage-first heap   total 129024K, used 36160K [0x0000000082800000, 0x0000000100000000)
  region size 1024K, 31 young (31744K), 3 survivors (3072K)
 Metaspace       used 13500K, committed 13760K, reserved 1114112K
  class space    used 1677K, committed 1792K, reserved 1048576K
}
Event: 3.397 GC heap after
{Heap after GC invocations=2 (full 0):
 garbage-first heap   total 129024K, used 9805K [0x0000000082800000, 0x0000000100000000)
  region size 1024K, 3 young (3072K), 3 survivors (3072K)
 Metaspace       used 13500K, committed 13760K, reserved 1114112K
  class space    used 1677K, committed 1792K, reserved 1048576K
}

Deoptimization events (20 events):
Event: 3.869 Thread 0x000001254e429ef0 DEOPT PACKING pc=0x0000012555e51a66 sp=0x0000001ec72feb70
Event: 3.869 Thread 0x000001254e429ef0 DEOPT UNPACKING pc=0x000001255d262b43 sp=0x0000001ec72fe038 mode 0
Event: 3.869 Thread 0x000001254e429ef0 DEOPT PACKING pc=0x0000012555e51a66 sp=0x0000001ec72feb70
Event: 3.869 Thread 0x000001254e429ef0 DEOPT UNPACKING pc=0x000001255d262b43 sp=0x0000001ec72fe038 mode 0
Event: 3.870 Thread 0x000001254e429ef0 DEOPT PACKING pc=0x0000012555e51a66 sp=0x0000001ec72feb70
Event: 3.870 Thread 0x000001254e429ef0 DEOPT UNPACKING pc=0x000001255d262b43 sp=0x0000001ec72fe038 mode 0
Event: 3.870 Thread 0x000001254e429ef0 DEOPT PACKING pc=0x0000012555e51a66 sp=0x0000001ec72feb70
Event: 3.870 Thread 0x000001254e429ef0 DEOPT UNPACKING pc=0x000001255d262b43 sp=0x0000001ec72fe038 mode 0
Event: 3.871 Thread 0x000001254e429ef0 DEOPT PACKING pc=0x0000012555e51a66 sp=0x0000001ec72feb70
Event: 3.871 Thread 0x000001254e429ef0 DEOPT UNPACKING pc=0x000001255d262b43 sp=0x0000001ec72fe038 mode 0
Event: 3.872 Thread 0x000001254e429ef0 DEOPT PACKING pc=0x0000012555e51a66 sp=0x0000001ec72feb70
Event: 3.872 Thread 0x000001254e429ef0 DEOPT UNPACKING pc=0x000001255d262b43 sp=0x0000001ec72fe038 mode 0
Event: 3.872 Thread 0x000001254e429ef0 DEOPT PACKING pc=0x0000012555e51a66 sp=0x0000001ec72feb70
Event: 3.872 Thread 0x000001254e429ef0 DEOPT UNPACKING pc=0x000001255d262b43 sp=0x0000001ec72fe038 mode 0
Event: 3.873 Thread 0x000001254e429ef0 DEOPT PACKING pc=0x0000012555e51a66 sp=0x0000001ec72feb70
Event: 3.873 Thread 0x000001254e429ef0 DEOPT UNPACKING pc=0x000001255d262b43 sp=0x0000001ec72fe038 mode 0
Event: 3.877 Thread 0x000001254e429ef0 DEOPT PACKING pc=0x00000125560d5c22 sp=0x0000001ec72fea70
Event: 3.877 Thread 0x000001254e429ef0 DEOPT UNPACKING pc=0x000001255d262b43 sp=0x0000001ec72fdef8 mode 0
Event: 4.004 Thread 0x000001254e429ef0 DEOPT PACKING pc=0x0000012556092e3b sp=0x0000001ec72fe130
Event: 4.004 Thread 0x000001254e429ef0 DEOPT UNPACKING pc=0x000001255d262b43 sp=0x0000001ec72fd5a0 mode 0

Classes unloaded (0 events):
No events

Classes redefined (0 events):
No events

Internal exceptions (20 events):
Event: 2.548 Thread 0x000001254e429ef0 Exception <a 'java/lang/NoSuchMethodError'{0x000000008a37a278}: 'void java.lang.invoke.DirectMethodHandle$Holder.invokeStaticInit(java.lang.Object, java.lang.Object, java.lang.Object)'> (0x000000008a37a278) 
thrown [s\open\src\hotspot\share\interpreter\linkResolver.cpp, line 759]
Event: 2.558 Thread 0x000001254e429ef0 Exception <a 'java/lang/NoSuchMethodError'{0x000000008a3c4c80}: 'java.lang.Object java.lang.invoke.DirectMethodHandle$Holder.invokeVirtual(java.lang.Object, java.lang.Object, java.lang.Object)'> (0x000000008a3c4c80) 
thrown [s\open\src\hotspot\share\interpreter\linkResolver.cpp, line 759]
Event: 2.600 Thread 0x000001254e429ef0 Exception <a 'java/lang/NoSuchMethodError'{0x000000008a272e98}: 'void java.lang.invoke.DirectMethodHandle$Holder.invokeVirtual(java.lang.Object, java.lang.Object, java.lang.Object, java.lang.Object)'> (0x000000008a272e98) 
thrown [s\open\src\hotspot\share\interpreter\linkResolver.cpp, line 759]
Event: 2.648 Thread 0x000001254e429ef0 Exception <a 'java/lang/NoSuchMethodError'{0x000000008a1264d8}: 'java.lang.Object java.lang.invoke.DirectMethodHandle$Holder.invokeSpecial(java.lang.Object, java.lang.Object, long, java.lang.Object, java.lang.Object, java.lang.Object, java.lang.Object, java.lang.Object, java.lang.Object)'> (0x000000008a1264d8) 
thrown [s\open\src\hotspot\share\interpreter\linkResolver.cpp, line 759]
Event: 2.648 Thread 0x000001254e429ef0 Exception <a 'java/lang/NoSuchMethodError'{0x000000008a12ad58}: 'java.lang.Object java.lang.invoke.DelegatingMethodHandle$Holder.reinvoke_L(java.lang.Object, long, java.lang.Object, java.lang.Object, java.lang.Object, java.lang.Object, java.lang.Object, java.lang.Object)'> (0x000000008a12ad58) 
thrown [s\open\src\hotspot\share\interpreter\linkResolver.cpp, line 759]
Event: 2.773 Thread 0x000001254e429ef0 Exception <a 'java/lang/NoSuchMethodError'{0x000000008a0e5320}: 'void java.lang.invoke.DirectMethodHandle$Holder.invokeSpecial(java.lang.Object, java.lang.Object, java.lang.Object)'> (0x000000008a0e5320) 
thrown [s\open\src\hotspot\share\interpreter\linkResolver.cpp, line 759]
Event: 2.789 Thread 0x00000125715d3b20 Exception <a 'java/lang/NoClassDefFoundError'{0x0000000089f96b10}: jakarta/validation/Validation> (0x0000000089f96b10) 
thrown [s\open\src\hotspot\share\classfile\systemDictionary.cpp, line 245]
Event: 2.795 Thread 0x000001254e429ef0 Exception <a 'java/lang/NoSuchMethodError'{0x0000000089f2eed8}: 'java.lang.Object java.lang.invoke.DirectMethodHandle$Holder.invokeStatic(java.lang.Object, java.lang.Object, int)'> (0x0000000089f2eed8) 
thrown [s\open\src\hotspot\share\interpreter\linkResolver.cpp, line 759]
Event: 2.797 Thread 0x000001254e429ef0 Exception <a 'java/lang/NoSuchMethodError'{0x0000000089f3a6c8}: 'void java.lang.invoke.DelegatingMethodHandle$Holder.delegate(java.lang.Object, java.lang.Object, int, java.lang.Object)'> (0x0000000089f3a6c8) 
thrown [s\open\src\hotspot\share\interpreter\linkResolver.cpp, line 759]
Event: 2.825 Thread 0x000001254e429ef0 Exception <a 'java/lang/IncompatibleClassChangeError'{0x0000000089ea7170}: Found class java.lang.Object, but interface was expected> (0x0000000089ea7170) 
thrown [s\open\src\hotspot\share\interpreter\linkResolver.cpp, line 826]
Event: 3.502 Thread 0x000001254e429ef0 Exception <a 'sun/nio/fs/WindowsException'{0x000000008a00c340}> (0x000000008a00c340) 
thrown [s\open\src\hotspot\share\prims\jni.cpp, line 516]
Event: 3.504 Thread 0x000001254e429ef0 Exception <a 'java/lang/NoSuchMethodError'{0x000000008a00dc50}: 'int java.lang.invoke.DirectMethodHandle$Holder.invokeSpecial(java.lang.Object, java.lang.Object, java.lang.Object, java.lang.Object, java.lang.Object)'> (0x000000008a00dc50) 
thrown [s\open\src\hotspot\share\interpreter\linkResolver.cpp, line 759]
Event: 3.510 Thread 0x000001254e429ef0 Exception <a 'java/lang/NoSuchMethodError'{0x000000008a016ad0}: 'void java.lang.invoke.DirectMethodHandle$Holder.invokeVirtual(java.lang.Object, java.lang.Object)'> (0x000000008a016ad0) 
thrown [s\open\src\hotspot\share\interpreter\linkResolver.cpp, line 759]
Event: 3.544 Thread 0x00000125715d3b20 Exception <a 'java/lang/NoSuchMethodError'{0x0000000089f10600}: 'long java.lang.invoke.DirectMethodHandle$Holder.invokeSpecial(java.lang.Object, java.lang.Object)'> (0x0000000089f10600) 
thrown [s\open\src\hotspot\share\interpreter\linkResolver.cpp, line 759]
Event: 3.549 Thread 0x00000125715d3b20 Exception <a 'java/lang/NoSuchMethodError'{0x0000000089f1b1a8}: 'long java.lang.invoke.DirectMethodHandle$Holder.invokeStatic(java.lang.Object, java.lang.Object)'> (0x0000000089f1b1a8) 
thrown [s\open\src\hotspot\share\interpreter\linkResolver.cpp, line 759]
Event: 3.549 Thread 0x00000125715d3b20 Exception <a 'java/lang/NoSuchMethodError'{0x0000000089f1e500}: 'long java.lang.invoke.DirectMethodHandle$Holder.invokeStaticInit(java.lang.Object, java.lang.Object)'> (0x0000000089f1e500) 
thrown [s\open\src\hotspot\share\interpreter\linkResolver.cpp, line 759]
Event: 3.555 Thread 0x00000125715d3b20 Exception <a 'java/lang/NoSuchMethodError'{0x0000000089f2be08}: 'long java.lang.invoke.DirectMethodHandle$Holder.invokeInterface(java.lang.Object, java.lang.Object)'> (0x0000000089f2be08) 
thrown [s\open\src\hotspot\share\interpreter\linkResolver.cpp, line 759]
Event: 3.555 Thread 0x00000125715d3b20 Exception <a 'java/lang/IncompatibleClassChangeError'{0x0000000089f2f0f0}: Found class java.lang.Object, but interface was expected> (0x0000000089f2f0f0) 
thrown [s\open\src\hotspot\share\interpreter\linkResolver.cpp, line 826]
Event: 3.565 Thread 0x00000125715d3b20 Exception <a 'java/lang/NoSuchMethodError'{0x0000000089f477c0}: 'java.lang.Object java.lang.invoke.DirectMethodHandle$Holder.invokeVirtual(java.lang.Object, java.lang.Object, java.lang.Object, java.lang.Object)'> (0x0000000089f477c0) 
thrown [s\open\src\hotspot\share\interpreter\linkResolver.cpp, line 759]
Event: 3.863 Thread 0x000001254e429ef0 Exception <a 'java/lang/IncompatibleClassChangeError'{0x0000000089537358}: Found class java.lang.Object, but interface was expected> (0x0000000089537358) 
thrown [s\open\src\hotspot\share\interpreter\linkResolver.cpp, line 826]

VM Operations (20 events):
Event: 3.133 Executing VM operation: HandshakeAllThreads
Event: 3.133 Executing VM operation: HandshakeAllThreads done
Event: 3.325 Executing VM operation: HandshakeAllThreads
Event: 3.325 Executing VM operation: HandshakeAllThreads done
Event: 3.385 Executing VM operation: G1CollectForAllocation
Event: 3.385 Executing VM operation: G1CollectForAllocation done
Event: 3.385 Executing VM operation: G1CollectForAllocation
Event: 3.397 Executing VM operation: G1CollectForAllocation done
Event: 3.452 Executing VM operation: HandshakeAllThreads
Event: 3.452 Executing VM operation: HandshakeAllThreads done
Event: 3.663 Executing VM operation: HandshakeAllThreads
Event: 3.663 Executing VM operation: HandshakeAllThreads done
Event: 3.735 Executing VM operation: HandshakeAllThreads
Event: 3.735 Executing VM operation: HandshakeAllThreads done
Event: 3.877 Executing VM operation: HandshakeAllThreads
Event: 3.877 Executing VM operation: HandshakeAllThreads done
Event: 4.021 Executing VM operation: ICBufferFull
Event: 4.021 Executing VM operation: ICBufferFull done
Event: 4.183 Executing VM operation: HandshakeAllThreads
Event: 4.184 Executing VM operation: HandshakeAllThreads done

Events (20 events):
Event: 3.763 loading class sun/security/provider/certpath/ldap/JdkLDAP
Event: 3.764 loading class sun/security/provider/certpath/ldap/JdkLDAP done
Event: 3.765 loading class sun/security/provider/certpath/ldap/JdkLDAP$ProviderService
Event: 3.765 loading class sun/security/provider/certpath/ldap/JdkLDAP$ProviderService done
Event: 3.765 loading class com/sun/security/sasl/Provider
Event: 3.765 loading class com/sun/security/sasl/Provider done
Event: 3.766 loading class javax/naming/ldap/LdapContext
Event: 3.766 loading class com/sun/security/sasl/Provider$1
Event: 3.766 loading class javax/naming/directory/DirContext
Event: 3.766 loading class com/sun/security/sasl/Provider$1 done
Event: 3.767 loading class com/sun/security/sasl/Provider$ProviderService
Event: 3.767 loading class com/sun/security/sasl/Provider$ProviderService done
Event: 3.767 loading class javax/naming/directory/DirContext done
Event: 3.767 loading class javax/naming/ldap/LdapContext done
Event: 3.772 Thread 0x00000125715d3b20 Thread exited: 0x00000125715d3b20
Event: 3.802 Thread 0x000001257221e450 Thread exited: 0x000001257221e450
Event: 4.183 loading class java/security/AccessControlException
Event: 4.183 loading class java/security/AccessControlException done
Event: 4.194 loading class java/beans/PropertyVetoException
Event: 4.194 loading class java/beans/PropertyVetoException done


Dynamic libraries:
0x00007ff79b580000 - 0x00007ff79b590000 	C:\Program Files\Java\jdk-17\bin\javaw.exe
0x00007ffb50830000 - 0x00007ffb50a47000 	C:\WINDOWS\SYSTEM32\ntdll.dll
0x00007ffb4fa40000 - 0x00007ffb4fb04000 	C:\WINDOWS\System32\KERNEL32.DLL
0x00007ffb4dc80000 - 0x00007ffb4e051000 	C:\WINDOWS\System32\KERNELBASE.dll
0x00007ffb4db60000 - 0x00007ffb4dc71000 	C:\WINDOWS\System32\ucrtbase.dll
0x00007ffb46090000 - 0x00007ffb460ab000 	C:\Program Files\Java\jdk-17\bin\VCRUNTIME140.dll
0x00007ffb46280000 - 0x00007ffb46299000 	C:\Program Files\Java\jdk-17\bin\jli.dll
0x00007ffb4f980000 - 0x00007ffb4fa31000 	C:\WINDOWS\System32\ADVAPI32.dll
0x00007ffb4f370000 - 0x00007ffb4f417000 	C:\WINDOWS\System32\msvcrt.dll
0x00007ffb4f530000 - 0x00007ffb4f5d7000 	C:\WINDOWS\System32\sechost.dll
0x00007ffb4e270000 - 0x00007ffb4e298000 	C:\WINDOWS\System32\bcrypt.dll
0x00007ffb4e590000 - 0x00007ffb4e6a4000 	C:\WINDOWS\System32\RPCRT4.dll
0x00007ffb4f0f0000 - 0x00007ffb4f2a1000 	C:\WINDOWS\System32\USER32.dll
0x00007ffb4d970000 - 0x00007ffb4d996000 	C:\WINDOWS\System32\win32u.dll
0x00007ffb507a0000 - 0x00007ffb507c9000 	C:\WINDOWS\System32\GDI32.dll
0x00007ffb32340000 - 0x00007ffb325d2000 	C:\WINDOWS\WinSxS\amd64_microsoft.windows.common-controls_6595b64144ccf1df_6.0.22621.4830_none_270fe7d773858e80\COMCTL32.dll
0x00007ffb4e2a0000 - 0x00007ffb4e3bb000 	C:\WINDOWS\System32\gdi32full.dll
0x00007ffb4e1d0000 - 0x00007ffb4e26a000 	C:\WINDOWS\System32\msvcp_win.dll
0x00007ffb41f30000 - 0x00007ffb41f3a000 	C:\WINDOWS\SYSTEM32\VERSION.dll
0x00007ffb4e6b0000 - 0x00007ffb4e6e1000 	C:\WINDOWS\System32\IMM32.DLL
0x00007ffb47ef0000 - 0x00007ffb47efc000 	C:\Program Files\Java\jdk-17\bin\vcruntime140_1.dll
0x00007ffb2f9f0000 - 0x00007ffb2fa7e000 	C:\Program Files\Java\jdk-17\bin\msvcp140.dll
0x00007ffae4d60000 - 0x00007ffae5940000 	C:\Program Files\Java\jdk-17\bin\server\jvm.dll
0x00007ffb4fb90000 - 0x00007ffb4fb98000 	C:\WINDOWS\System32\PSAPI.DLL
0x00007ffb464d0000 - 0x00007ffb464d9000 	C:\WINDOWS\SYSTEM32\WSOCK32.dll
0x00007ffb44f60000 - 0x00007ffb44f94000 	C:\WINDOWS\SYSTEM32\WINMM.dll
0x00007ffb50720000 - 0x00007ffb50791000 	C:\WINDOWS\System32\WS2_32.dll
0x00007ffb4ca70000 - 0x00007ffb4ca88000 	C:\WINDOWS\SYSTEM32\kernel.appcore.dll
0x00007ffb46340000 - 0x00007ffb4634a000 	C:\Program Files\Java\jdk-17\bin\jimage.dll
0x00007ffb4b350000 - 0x00007ffb4b582000 	C:\WINDOWS\SYSTEM32\DBGHELP.DLL
0x00007ffb4e740000 - 0x00007ffb4ead0000 	C:\WINDOWS\System32\combase.dll
0x00007ffb4f8a0000 - 0x00007ffb4f977000 	C:\WINDOWS\System32\OLEAUT32.dll
0x00007ffb223c0000 - 0x00007ffb223f2000 	C:\WINDOWS\SYSTEM32\dbgcore.DLL
0x00007ffb4e480000 - 0x00007ffb4e4fb000 	C:\WINDOWS\System32\bcryptPrimitives.dll
0x00007ffb433c0000 - 0x00007ffb433e5000 	C:\Program Files\Java\jdk-17\bin\java.dll
0x00007ffb2d5b0000 - 0x00007ffb2d687000 	C:\Program Files\Java\jdk-17\bin\jsvml.dll
0x00007ffb4fc70000 - 0x00007ffb504f8000 	C:\WINDOWS\System32\SHELL32.dll
0x00007ffb4da20000 - 0x00007ffb4db5f000 	C:\WINDOWS\System32\wintypes.dll
0x00007ffb4b890000 - 0x00007ffb4c19d000 	C:\WINDOWS\SYSTEM32\windows.storage.dll
0x00007ffb4f5e0000 - 0x00007ffb4f6ea000 	C:\WINDOWS\System32\SHCORE.dll
0x00007ffb4fba0000 - 0x00007ffb4fbfe000 	C:\WINDOWS\System32\shlwapi.dll
0x00007ffb4d8a0000 - 0x00007ffb4d8cb000 	C:\WINDOWS\SYSTEM32\profapi.dll
0x00007ffb44e00000 - 0x00007ffb44e19000 	C:\Program Files\Java\jdk-17\bin\net.dll
0x00007ffb482d0000 - 0x00007ffb483fc000 	C:\WINDOWS\SYSTEM32\WINHTTP.dll
0x00007ffb4ced0000 - 0x00007ffb4cf3a000 	C:\WINDOWS\system32\mswsock.dll
0x00007ffb3e4f0000 - 0x00007ffb3e506000 	C:\Program Files\Java\jdk-17\bin\nio.dll
0x00007ffb3e450000 - 0x00007ffb3e468000 	C:\Program Files\Java\jdk-17\bin\zip.dll
0x00007ffb4a820000 - 0x00007ffb4a82e000 	C:\Program Files\Java\jdk-17\bin\sunmscapi.dll
0x00007ffb4e060000 - 0x00007ffb4e1c6000 	C:\WINDOWS\System32\CRYPT32.dll
0x00007ffb4d330000 - 0x00007ffb4d35d000 	C:\WINDOWS\SYSTEM32\ncrypt.dll
0x00007ffb4d2f0000 - 0x00007ffb4d327000 	C:\WINDOWS\SYSTEM32\NTASN1.dll

dbghelp: loaded successfully - version: 4.0.5 - missing functions: none
symbol engine: initialized successfully - sym options: 0x614 - pdb path: .;C:\Program Files\Java\jdk-17\bin;C:\WINDOWS\SYSTEM32;C:\WINDOWS\WinSxS\amd64_microsoft.windows.common-controls_6595b64144ccf1df_6.0.22621.4830_none_270fe7d773858e80;C:\Program Files\Java\jdk-17\bin\server

VM Arguments:
jvm_args: -Dfile.encoding=UTF-8 -Dstdout.encoding=UTF-8 -Dstderr.encoding=UTF-8 -XX:+ShowCodeDetailsInExceptionMessages 
java_command: com.training.assignment2.Assignment2Application
java_class_path (initial): C:\Users\hp\Downloads\assignment2\assignment2\target\classes;C:\Users\hp\.m2\repository\org\springframework\boot\spring-boot-starter-data-jpa\3.4.4\spring-boot-starter-data-jpa-3.4.4.jar;C:\Users\hp\.m2\repository\org\springframework\boot\spring-boot-starter\3.4.4\spring-boot-starter-3.4.4.jar;C:\Users\hp\.m2\repository\org\springframework\boot\spring-boot\3.4.4\spring-boot-3.4.4.jar;C:\Users\hp\.m2\repository\org\springframework\boot\spring-boot-autoconfigure\3.4.4\spring-boot-autoconfigure-3.4.4.jar;C:\Users\hp\.m2\repository\org\springframework\boot\spring-boot-starter-logging\3.4.4\spring-boot-starter-logging-3.4.4.jar;C:\Users\hp\.m2\repository\ch\qos\logback\logback-classic\1.5.18\logback-classic-1.5.18.jar;C:\Users\hp\.m2\repository\ch\qos\logback\logback-core\1.5.18\logback-core-1.5.18.jar;C:\Users\hp\.m2\repository\org\apache\logging\log4j\log4j-to-slf4j\2.24.3\log4j-to-slf4j-2.24.3.jar;C:\Users\hp\.m2\repository\org\apache\logging\log4j\log4j-api\2.24.3\log4j-api-2.24.3.jar;C:\Users\hp\.m2\repository\org\slf4j\jul-to-slf4j\2.0.17\jul-to-slf4j-2.0.17.jar;C:\Users\hp\.m2\repository\jakarta\annotation\jakarta.annotation-api\2.1.1\jakarta.annotation-api-2.1.1.jar;C:\Users\hp\.m2\repository\org\yaml\snakeyaml\2.3\snakeyaml-2.3.jar;C:\Users\hp\.m2\repository\org\springframework\boot\spring-boot-starter-jdbc\3.4.4\spring-boot-starter-jdbc-3.4.4.jar;C:\Users\hp\.m2\repository\com\zaxxer\HikariCP\5.1.0\HikariCP-5.1.0.jar;C:\Users\hp\.m2\repository\org\springframework\spring-jdbc\6.2.5\spring-jdbc-6.2.5.jar;C:\Users\hp\.m2\repository\org\hibernate\orm\hibernate-core\6.6.11.Final\hibernate-core-6.6.11.Final.jar;C:\Users\hp\.m2\repository\jakarta\persistence\jakarta.persistence-api\3.1.0\jakarta.persistence-api-3.1.0.jar;C:\Users\hp\.m2\repository\jakarta\transaction\jakarta.transaction-api\2.0.1\jakarta.transaction-api-2.0.1.jar;C:\Users\hp\.m2\repository\org\jboss\logging\jboss-logging\3.6.1.Final\jboss-logging-3.6.1.Final.jar;C:\Users\h
Launcher Type: SUN_STANDARD

[Global flags]
     intx CICompilerCount                          = 4                                         {product} {ergonomic}
     uint ConcGCThreads                            = 2                                         {product} {ergonomic}
     uint G1ConcRefinementThreads                  = 8                                         {product} {ergonomic}
   size_t G1HeapRegionSize                         = 1048576                                   {product} {ergonomic}
    uintx GCDrainStackTargetSize                   = 64                                        {product} {ergonomic}
   size_t InitialHeapSize                          = 132120576                                 {product} {ergonomic}
   size_t MarkStackSize                            = 4194304                                   {product} {ergonomic}
   size_t MaxHeapSize                              = 2105540608                                {product} {ergonomic}
   size_t MaxNewSize                               = 1262485504                                {product} {ergonomic}
   size_t MinHeapDeltaBytes                        = 1048576                                   {product} {ergonomic}
   size_t MinHeapSize                              = 8388608                                   {product} {ergonomic}
    uintx NonNMethodCodeHeapSize                   = 5839372                                {pd product} {ergonomic}
    uintx NonProfiledCodeHeapSize                  = 122909434                              {pd product} {ergonomic}
    uintx ProfiledCodeHeapSize                     = 122909434                              {pd product} {ergonomic}
    uintx ReservedCodeCacheSize                    = 251658240                              {pd product} {ergonomic}
     bool SegmentedCodeCache                       = true                                      {product} {ergonomic}
     bool ShowCodeDetailsInExceptionMessages       = true                                   {manageable} {command line}
   size_t SoftMaxHeapSize                          = 2105540608                             {manageable} {ergonomic}
     bool UseCompressedClassPointers               = true                           {product lp64_product} {ergonomic}
     bool UseCompressedOops                        = true                           {product lp64_product} {ergonomic}
     bool UseG1GC                                  = true                                      {product} {ergonomic}
     bool UseLargePagesIndividualAllocation        = false                                  {pd product} {ergonomic}

Logging:
Log output configuration:
 #0: stdout all=warning uptime,level,tags
 #1: stderr all=off uptime,level,tags

Environment Variables:
PATH=C:/Users/hp/.p2/pool/plugins/org.eclipse.justj.openjdk.hotspot.jre.full.win32.x86_64_21.0.6.v20250130-0529/jre/bin/server;C:/Users/hp/.p2/pool/plugins/org.eclipse.justj.openjdk.hotspot.jre.full.win32.x86_64_21.0.6.v20250130-0529/jre/bin;C:\Program Files\Common Files\Oracle\Java\javapath;C:\ProgramData\Oracle\Java\javapath;C:\WINDOWS\system32;C:\WINDOWS;C:\WINDOWS\System32\Wbem;C:\WINDOWS\System32\WindowsPowerShell\v1.0\;C:\WINDOWS\System32\OpenSSH\;C:\Program Files (x86)\Microsoft SQL Server\160\Tools\Binn\;C:\Program Files\Microsoft SQL Server\160\Tools\Binn\;C:\Program Files\Microsoft SQL Server\Client SDK\ODBC\170\Tools\Binn\;C:\Program Files\Microsoft SQL Server\160\DTS\Binn\;C:\Program Files (x86)\Microsoft SQL Server\160\DTS\Binn\;C:\Program Files\Docker\Docker\resources\bin;C:\Program Files\Git\cmd;C:\Users\hp\AppData\Local\Microsoft\WindowsApps;;C:\Users\hp\AppData\Local\Programs\Microsoft VS Code\bin;C:\Users\hp\Desktop;
USERNAME=hp
OS=Windows_NT
PROCESSOR_IDENTIFIER=Intel64 Family 6 Model 142 Stepping 10, GenuineIntel



---------------  S Y S T E M  ---------------

OS:
 Windows 11 , 64 bit Build 22621 (10.0.22621.4974)
OS uptime: 24 days 0:24 hours
Hyper-V role detected

CPU: total 8 (initial active 8) (4 cores per cpu, 2 threads per core) family 6 model 142 stepping 10 microcode 0xe0, cx8, cmov, fxsr, ht, mmx, 3dnowpref, sse, sse2, sse3, ssse3, sse4.1, sse4.2, popcnt, lzcnt, tsc, tscinvbit, avx, avx2, aes, erms, clmul, bmi1, bmi2, adx, fma, vzeroupper, clflush, clflushopt, hv

Memory: 4k page, system-wide physical 8026M (366M free)
TotalPageFile size 23186M (AvailPageFile size 4M)
current process WorkingSet (physical memory assigned to process): 124M, peak: 124M
current process commit charge ("private bytes"): 254M, peak: 254M

vm_info: Java HotSpot(TM) 64-Bit Server VM (17.0.12+8-LTS-286) for windows-amd64 JRE (17.0.12+8-LTS-286), built on Jun  5 2024 06:46:59 by "mach5one" with MS VC++ 17.6 (VS2022)

END.
